0 info it worked if it ends with ok
1 verbose cli [ '/usr/local/Cellar/node/6.9.1/bin/node',
1 verbose cli   '/usr/local/bin/npm',
1 verbose cli   'start',
1 verbose cli   '--',
1 verbose cli   '-p',
1 verbose cli   '8001' ]
2 info using npm@3.10.9
3 info using node@v6.9.1
4 verbose run-script [ 'prestart', 'start', 'poststart' ]
5 info lifecycle waroftruth-ui@1.0.0~prestart: waroftruth-ui@1.0.0
6 silly lifecycle waroftruth-ui@1.0.0~prestart: no script for prestart, continuing
7 info lifecycle waroftruth-ui@1.0.0~start: waroftruth-ui@1.0.0
8 verbose lifecycle waroftruth-ui@1.0.0~start: unsafe-perm in lifecycle true
9 verbose lifecycle waroftruth-ui@1.0.0~start: PATH: /Users/kuhl/.npm-packages/lib/node_modules/npm/bin/node-gyp-bin:/Users/kuhl/Repositories/waroftruth/ui/node_modules/.bin:/usr/local/Cellar/node/6.9.1/bin:/Users/kuhl/.rvm/gems/ruby-2.1.2/bin:/Users/kuhl/.rvm/gems/ruby-2.1.2@global/bin:/Users/kuhl/.rvm/rubies/ruby-2.1.2/bin:/usr/local/bin:/usr/local/sbin:/usr/local/bin:/usr/bin:/bin:/usr/sbin:/sbin:/opt/X11/bin:/Applications/Server.app/Contents/ServerRoot/usr/bin:/Applications/Server.app/Contents/ServerRoot/usr/sbin:/usr/local/MacGPG2/bin:/Users/kuhl/.rvm/bin
10 verbose lifecycle waroftruth-ui@1.0.0~start: CWD: /Users/kuhl/Repositories/waroftruth/ui
11 silly lifecycle waroftruth-ui@1.0.0~start: Args: [ '-c',
11 silly lifecycle   'webpack-dev-server --content-base ./ --config=./config/webpack.config.js "-p" "8001"' ]
12 silly lifecycle waroftruth-ui@1.0.0~start: Returned: code: 1  signal: null
13 info lifecycle waroftruth-ui@1.0.0~start: Failed to exec start script
14 verbose stack Error: waroftruth-ui@1.0.0 start: `webpack-dev-server --content-base ./ --config=./config/webpack.config.js "-p" "8001"`
14 verbose stack Exit status 1
14 verbose stack     at EventEmitter.<anonymous> (/Users/kuhl/.npm-packages/lib/node_modules/npm/lib/utils/lifecycle.js:255:16)
14 verbose stack     at emitTwo (events.js:106:13)
14 verbose stack     at EventEmitter.emit (events.js:191:7)
14 verbose stack     at ChildProcess.<anonymous> (/Users/kuhl/.npm-packages/lib/node_modules/npm/lib/utils/spawn.js:40:14)
14 verbose stack     at emitTwo (events.js:106:13)
14 verbose stack     at ChildProcess.emit (events.js:191:7)
14 verbose stack     at maybeClose (internal/child_process.js:877:16)
14 verbose stack     at Process.ChildProcess._handle.onexit (internal/child_process.js:226:5)
15 verbose pkgid waroftruth-ui@1.0.0
16 verbose cwd /Users/kuhl/Repositories/waroftruth/ui
17 error Darwin 16.3.0
18 error argv "/usr/local/Cellar/node/6.9.1/bin/node" "/usr/local/bin/npm" "start" "--" "-p" "8001"
19 error node v6.9.1
20 error npm  v3.10.9
21 error code ELIFECYCLE
22 error waroftruth-ui@1.0.0 start: `webpack-dev-server --content-base ./ --config=./config/webpack.config.js "-p" "8001"`
22 error Exit status 1
23 error Failed at the waroftruth-ui@1.0.0 start script 'webpack-dev-server --content-base ./ --config=./config/webpack.config.js "-p" "8001"'.
23 error Make sure you have the latest version of node.js and npm installed.
23 error If you do, this is most likely a problem with the waroftruth-ui package,
23 error not with npm itself.
23 error Tell the author that this fails on your system:
23 error     webpack-dev-server --content-base ./ --config=./config/webpack.config.js "-p" "8001"
23 error You can get information on how to open an issue for this project with:
23 error     npm bugs waroftruth-ui
23 error Or if that isn't available, you can get their info via:
23 error     npm owner ls waroftruth-ui
23 error There is likely additional logging output above.
24 verbose exit [ 1, true ]
